<?xml version="1.0" encoding="UTF-8"?>
<!-- Generated by org.testng.reporters.JUnitXMLReporter -->
<testsuite ignored="2" hostname="LAPTOP-BNKKEG7G" failures="0" tests="3" name="Test-Chrome" time="30.927" errors="0" timestamp="2023-04-11T07:27:22 IST">
  <testcase classname="crossBrowserExecutions.OrganizationTest" name="createOrganizationTest" time="6.146"/>
  <testcase classname="crossBrowserExecutions.CreateContactWithOrgNameTest" name="createContactWithOrgTest" time="10.981"/>
  <testcase classname="crossBrowserExecutions.CreateContactWithOrgNameTest" name="demo" time="0.002"/>
  <testcase classname="generic_Utility.BaseClass_CrossBroswer" name="@BeforeSuite bsConfig" time="0.0">
    <ignored/>
  </testcase> <!-- @BeforeSuite bsConfig -->
  <testcase classname="generic_Utility.BaseClass_CrossBroswer" name="@AfterSuite asConfig" time="0.0">
    <ignored/>
  </testcase> <!-- @AfterSuite asConfig -->
</testsuite> <!-- Test-Chrome -->
