<?xml version="1.0" encoding="UTF-8"?>
<!-- Generated by org.testng.reporters.JUnitXMLReporter -->
<testsuite ignored="0" hostname="LAPTOP-BNKKEG7G" failures="0" tests="2" name="Test-Firefox" time="19.481" errors="0" timestamp="2023-04-11T07:27:42 IST">
  <testcase classname="crossBrowserExecutions.CreateContactWithOrgNameTest" name="createContactWithOrgTest" time="10.924"/>
  <testcase classname="crossBrowserExecutions.CreateContactWithOrgNameTest" name="demo" time="0.001"/>
</testsuite> <!-- Test-Firefox -->
