<?xml version="1.0" encoding="UTF-8"?>
<!-- Generated by org.testng.reporters.JUnitReportReporter -->
<testsuite hostname="LAPTOP-BNKKEG7G" failures="0" tests="1" name="vTiger.Organization.OrganizationTest" time="11.248" errors="0" timestamp="2023-04-11T14:53:30 IST" skipped="0">
  <testcase classname="vTiger.Organization.OrganizationTest" name="createOrganizationTest" time="11.248"/>
  <system-out>
    <![CDATA[clicked on organization link
clicked on create organization link]]>
  </system-out>
</testsuite> <!-- vTiger.Organization.OrganizationTest -->
