<?xml version="1.0" encoding="UTF-8"?>
<!-- Generated by org.testng.reporters.JUnitReportReporter -->
<testsuite hostname="LAPTOP-BNKKEG7G" failures="0" tests="3" name="vTiger.Organization.CreateMultipleOrgsTest" time="29.755" errors="0" timestamp="2023-04-11T07:20:29 IST" skipped="0">
  <testcase classname="vTiger.Organization.CreateMultipleOrgsTest" name="createOrganizationTest" time="10.108"/>
  <system-out/>
  <testcase classname="vTiger.Organization.CreateMultipleOrgsTest" name="createOrganizationTest" time="10.258"/>
  <system-out/>
  <testcase classname="vTiger.Organization.CreateMultipleOrgsTest" name="createOrganizationTest" time="9.389"/>
  <system-out/>
</testsuite> <!-- vTiger.Organization.CreateMultipleOrgsTest -->
