<?xml version="1.0" encoding="UTF-8"?>
<!-- Generated by org.testng.reporters.JUnitReportReporter -->
<testsuite hostname="LAPTOP-BNKKEG7G" failures="0" tests="1" name="crossBrowserExecutions.OrganizationTest" time="9.621" errors="0" timestamp="2023-04-11T07:27:42 IST" skipped="0">
  <testcase classname="crossBrowserExecutions.OrganizationTest" name="createOrganizationTest" time="9.621"/>
  <system-out>
    <![CDATA[clicked on organization link
clicked on create organization link]]>
  </system-out>
</testsuite> <!-- crossBrowserExecutions.OrganizationTest -->
