<?xml version="1.0" encoding="UTF-8"?>
<!-- Generated by org.testng.reporters.JUnitReportReporter -->
<testsuite hostname="LAPTOP-BNKKEG7G" failures="0" tests="2" name="vTiger.Contacts.CreateContactWithOrgNameTest" time="21.241" errors="0" timestamp="2023-04-11T14:53:30 IST" skipped="0">
  <testcase classname="vTiger.Contacts.CreateContactWithOrgNameTest" name="createContactWithOrgTest" time="17.045"/>
  <system-out/>
  <testcase classname="vTiger.Contacts.CreateContactWithOrgNameTest" name="demo" time="4.196"/>
  <system-out/>
</testsuite> <!-- vTiger.Contacts.CreateContactWithOrgNameTest -->
