<?xml version="1.0" encoding="UTF-8"?>
<!-- Generated by org.testng.reporters.JUnitReportReporter -->
<testsuite hostname="LAPTOP-BNKKEG7G" failures="0" tests="2" name="vTiger.Contacts.CreateContactWithOrgName" time="22.779" errors="0" timestamp="2023-04-03T11:12:36 IST" skipped="0">
  <testcase classname="vTiger.Contacts.CreateContactWithOrgName" name="createContactWithOrgTest" time="19.916"/>
  <system-out/>
  <testcase classname="vTiger.Contacts.CreateContactWithOrgName" name="demo" time="2.863"/>
  <system-out/>
</testsuite> <!-- vTiger.Contacts.CreateContactWithOrgName -->
