<?xml version="1.0" encoding="UTF-8"?>
<!-- Generated by org.testng.reporters.JUnitReportReporter -->
<testsuite hostname="LAPTOP-BNKKEG7G" failures="0" tests="1" name="vtiger_Practice.TestNGPractice" time="0.007" errors="0" timestamp="2023-03-21T11:39:22 IST" skipped="0">
  <testcase classname="vtiger_Practice.TestNGPractice" name="practiceTest" time="0.007"/>
  <system-out/>
</testsuite> <!-- vtiger_Practice.TestNGPractice -->
