<?xml version="1.0" encoding="UTF-8"?>
<!-- Generated by org.testng.reporters.JUnitReportReporter -->
<testsuite hostname="LAPTOP-BNKKEG7G" failures="0" tests="4" name="crossBrowserExecutions.CreateContactWithOrgNameTest" time="33.218" errors="0" timestamp="2023-04-11T07:27:42 IST" skipped="0">
  <testcase classname="crossBrowserExecutions.CreateContactWithOrgNameTest" name="createContactWithOrgTest" time="14.418"/>
  <system-out/>
  <testcase classname="crossBrowserExecutions.CreateContactWithOrgNameTest" name="demo" time="2.238"/>
  <system-out/>
  <testcase classname="crossBrowserExecutions.CreateContactWithOrgNameTest" name="createContactWithOrgTest" time="14.484"/>
  <system-out/>
  <testcase classname="crossBrowserExecutions.CreateContactWithOrgNameTest" name="demo" time="2.078"/>
  <system-out/>
</testsuite> <!-- crossBrowserExecutions.CreateContactWithOrgNameTest -->
